<?xml version="1.0" encoding="UTF-8"?>
<!-- Generated by org.testng.reporters.JUnitXMLReporter -->
<testsuite ignored="0" hostname="Bikashs-MBP" failures="0" tests="3" name="Default test" time="0.083" errors="0" timestamp="2024-07-23T09:04:28 PDT">
  <testcase classname="test.TestCase2" name="verifyFirstTest" time="0.008"/>
  <testcase classname="test.TestCase2$TestCase3" name="verifyThirdTest" time="0.001"/>
  <testcase classname="test.TestCase2$TestCase3$TestCase4" name="verifySecondTest" time="0.002"/>
</testsuite> <!-- Default test -->
